<?xml version="1.0" encoding="UTF-8"?>
<!-- Generated by org.testng.reporters.JUnitReportReporter -->
<testsuite hostname="DESKTOP-9LDSGNB" failures="0" tests="1" name="NewTest.DropDown" time="13.653" errors="0" timestamp="2020-02-05T19:56:46 EST" skipped="0">
  <testcase classname="NewTest.DropDown" name="f" time="13.653"/>
</testsuite> <!-- NewTest.DropDown -->
