<?xml version="1.0" encoding="UTF-8"?>
<!-- Generated by org.testng.reporters.JUnitReportReporter -->
<testsuite hostname="DESKTOP-9LDSGNB" failures="0" tests="1" name="NewTest.DoubleClick" time="19.589" errors="0" timestamp="2020-02-12T18:01:53 EST" skipped="0">
  <testcase classname="NewTest.DoubleClick" name="f" time="19.589"/>
</testsuite> <!-- NewTest.DoubleClick -->
