<?xml version="1.0" encoding="UTF-8"?>
<!-- Generated by org.testng.reporters.JUnitReportReporter -->
<testsuite hostname="DESKTOP-9LDSGNB" failures="0" tests="2" name="bootcampfinal.HomeDepoExecuater" time="6.204" errors="0" timestamp="2020-03-21T02:16:55 EDT" skipped="0">
  <testcase classname="bootcampfinal.HomeDepoExecuater" name="one" time="4.534"/>
  <testcase classname="bootcampfinal.HomeDepoExecuater" name="two" time="1.670"/>
</testsuite> <!-- bootcampfinal.HomeDepoExecuater -->
