<?xml version="1.0" encoding="UTF-8"?>
<!-- Generated by org.testng.reporters.JUnitReportReporter -->
<testsuite hostname="DESKTOP-9LDSGNB" failures="0" tests="1" name="NewTest.General" time="15.580" errors="0" timestamp="2020-02-12T16:54:45 EST" skipped="0">
  <testcase classname="NewTest.General" name="f" time="15.580"/>
</testsuite> <!-- NewTest.General -->
