<?xml version="1.0" encoding="UTF-8"?>
<!-- Generated by org.testng.reporters.JUnitReportReporter -->
<testsuite hostname="DESKTOP-9LDSGNB" failures="0" tests="1" name="NewTest.FacebookTest" time="16.118" errors="0" timestamp="2020-02-05T19:48:48 EST" skipped="0">
  <testcase classname="NewTest.FacebookTest" name="f" time="16.118"/>
</testsuite> <!-- NewTest.FacebookTest -->
