<?xml version="1.0" encoding="UTF-8"?>
<!-- Generated by org.testng.reporters.JUnitReportReporter -->
<testsuite hostname="DESKTOP-9LDSGNB" failures="0" tests="1" name="NewTest.ScreenShot" time="15.737" errors="0" timestamp="2020-02-09T12:43:57 EST" skipped="0">
  <testcase classname="NewTest.ScreenShot" name="f" time="15.737"/>
</testsuite> <!-- NewTest.ScreenShot -->
