<?xml version="1.0" encoding="UTF-8"?>
<!-- Generated by org.testng.reporters.JUnitReportReporter -->
<testsuite hostname="DESKTOP-9LDSGNB" failures="0" tests="1" name="NewTest.sessionToday" time="19.055" errors="0" timestamp="2020-02-12T22:06:17 EST" skipped="0">
  <testcase classname="NewTest.sessionToday" name="f" time="19.055"/>
</testsuite> <!-- NewTest.sessionToday -->
