<?xml version="1.0" encoding="UTF-8"?>
<!-- Generated by org.testng.reporters.JUnitReportReporter -->
<testsuite hostname="DESKTOP-9LDSGNB" failures="0" tests="1" name="co.xml.tests.Login_Function_Test" time="12.365" errors="0" timestamp="2020-02-19T20:55:45 EST" skipped="0">
  <testcase classname="co.xml.tests.Login_Function_Test" name="test1" time="12.365"/>
</testsuite> <!-- co.xml.tests.Login_Function_Test -->
