<?xml version="1.0" encoding="UTF-8"?>
<!-- Generated by org.testng.reporters.JUnitReportReporter -->
<testsuite hostname="DESKTOP-9LDSGNB" failures="0" tests="1" name="NewTest.NewTest" time="112.040" errors="0" timestamp="2020-02-16T11:52:01 EST" skipped="0">
  <testcase classname="NewTest.NewTest" name="f" time="112.040"/>
</testsuite> <!-- NewTest.NewTest -->
