<?xml version="1.0" encoding="UTF-8"?>
<!-- Generated by org.testng.reporters.JUnitReportReporter -->
<testsuite hostname="DESKTOP-9LDSGNB" failures="0" tests="1" name="NewTest.ErrorMessage" time="18.353" errors="0" timestamp="2020-02-09T11:21:00 EST" skipped="0">
  <testcase classname="NewTest.ErrorMessage" name="f" time="18.353"/>
</testsuite> <!-- NewTest.ErrorMessage -->
