<?xml version="1.0" encoding="UTF-8"?>
<!-- Generated by org.testng.reporters.JUnitReportReporter -->
<testsuite hostname="DESKTOP-9LDSGNB" failures="0" tests="1" name="NewTest.screenpicture" time="14.368" errors="0" timestamp="2020-02-12T22:40:45 EST" skipped="0">
  <testcase classname="NewTest.screenpicture" name="f" time="14.368"/>
</testsuite> <!-- NewTest.screenpicture -->
