<?xml version="1.0" encoding="UTF-8"?>
<!-- Generated by org.testng.reporters.JUnitReportReporter -->
<testsuite hostname="DESKTOP-9LDSGNB" failures="0" tests="1" name="NewTest.ExplicitWait" time="12.011" errors="0" timestamp="2020-02-10T22:39:49 EST" skipped="0">
  <testcase classname="NewTest.ExplicitWait" name="f" time="12.011"/>
</testsuite> <!-- NewTest.ExplicitWait -->
