<?xml version="1.0" encoding="UTF-8"?>
<!-- Generated by org.testng.reporters.JUnitReportReporter -->
<testsuite hostname="DESKTOP-9LDSGNB" failures="0" tests="2" name="co.facebook.Home_Regression" time="38.540" errors="0" timestamp="2020-02-15T13:26:16 EST" skipped="0">
  <testcase classname="co.facebook.Home_Regression" name="forgotpasslink" time="21.279"/>
  <testcase classname="co.facebook.Home_Regression" name="Login" time="17.261"/>
</testsuite> <!-- co.facebook.Home_Regression -->
