<?xml version="1.0" encoding="UTF-8"?>
<!-- Generated by org.testng.reporters.JUnitReportReporter -->
<testsuite hostname="DESKTOP-9LDSGNB" failures="0" tests="2" name="NewTest.SelectioninFB" time="38.203" errors="0" timestamp="2020-02-05T22:00:02 EST" skipped="0">
  <testcase classname="NewTest.SelectioninFB" name="loginTest" time="20.043"/>
  <testcase classname="NewTest.SelectioninFB" name="f" time="18.160"/>
</testsuite> <!-- NewTest.SelectioninFB -->
