<?xml version="1.0" encoding="UTF-8"?>
<!-- Generated by org.testng.reporters.JUnitReportReporter -->
<testsuite hostname="DESKTOP-9LDSGNB" failures="0" tests="1" name="NewTest.NewShot" time="19.811" errors="0" timestamp="2020-02-11T19:20:19 EST" skipped="0">
  <testcase classname="NewTest.NewShot" name="f" time="19.811"/>
</testsuite> <!-- NewTest.NewShot -->
