<?xml version="1.0" encoding="UTF-8"?>
<!-- Generated by org.testng.reporters.JUnitReportReporter -->
<testsuite hostname="DESKTOP-9LDSGNB" failures="0" tests="2" name="co.practice.wednesday.Facebook_Login_Test" time="34.434" errors="0" timestamp="2020-02-19T22:59:24 EST" skipped="0">
  <testcase classname="co.practice.wednesday.Facebook_Login_Test" name="f" time="13.536"/>
  <testcase classname="co.practice.wednesday.Facebook_Login_Test" name="f" time="20.898"/>
</testsuite> <!-- co.practice.wednesday.Facebook_Login_Test -->
